{"C:\\Users\\Surje\\OneDrive\\Desktop\\JOB_ASSIGNMENT\\riktmtech\\app.js": {"path":"C:\\Users\\Surje\\OneDrive\\Desktop\\JOB_ASSIGNMENT\\riktmtech\\app.js","statementMap":{"0":{"start":{"line":1,"column":16},"end":{"line":1,"column":34}},"1":{"start":{"line":2,"column":17},"end":{"line":2,"column":36}},"2":{"start":{"line":3,"column":15},"end":{"line":3,"column":32}},"3":{"start":{"line":5,"column":0},"end":{"line":5,"column":16}},"4":{"start":{"line":7,"column":19},"end":{"line":7,"column":49}},"5":{"start":{"line":8,"column":19},"end":{"line":8,"column":49}},"6":{"start":{"line":9,"column":20},"end":{"line":9,"column":51}},"7":{"start":{"line":11,"column":12},"end":{"line":11,"column":21}},"8":{"start":{"line":13,"column":0},"end":{"line":13,"column":24}},"9":{"start":{"line":15,"column":0},"end":{"line":18,"column":79}},"10":{"start":{"line":18,"column":14},"end":{"line":18,"column":46}},"11":{"start":{"line":18,"column":61},"end":{"line":18,"column":77}},"12":{"start":{"line":20,"column":0},"end":{"line":20,"column":33}},"13":{"start":{"line":21,"column":0},"end":{"line":21,"column":34}},"14":{"start":{"line":22,"column":0},"end":{"line":22,"column":36}},"15":{"start":{"line":24,"column":0},"end":{"line":24,"column":21}}},"fnMap":{"0":{"name":"(anonymous_0)","decl":{"start":{"line":18,"column":8},"end":{"line":18,"column":9}},"loc":{"start":{"line":18,"column":14},"end":{"line":18,"column":46}},"line":18},"1":{"name":"(anonymous_1)","decl":{"start":{"line":18,"column":54},"end":{"line":18,"column":55}},"loc":{"start":{"line":18,"column":61},"end":{"line":18,"column":77}},"line":18}},"branchMap":{},"s":{"0":3,"1":3,"2":3,"3":3,"4":3,"5":3,"6":3,"7":3,"8":3,"9":3,"10":3,"11":0,"12":3,"13":3,"14":3,"15":3},"f":{"0":3,"1":0},"b":{},"_coverageSchema":"1a1c01bbd47fc00a2c39e90264f33305004495a9","hash":"7ca181391bb7e6b629b02dadb942280b0ffeae1f"}
,"C:\\Users\\Surje\\OneDrive\\Desktop\\JOB_ASSIGNMENT\\riktmtech\\controllers\\authController.js": {"path":"C:\\Users\\Surje\\OneDrive\\Desktop\\JOB_ASSIGNMENT\\riktmtech\\controllers\\authController.js","statementMap":{"0":{"start":{"line":1,"column":12},"end":{"line":1,"column":35}},"1":{"start":{"line":2,"column":13},"end":{"line":2,"column":38}},"2":{"start":{"line":3,"column":14},"end":{"line":3,"column":40}},"3":{"start":{"line":4,"column":0},"end":{"line":22,"column":2}},"4":{"start":{"line":5,"column":4},"end":{"line":21,"column":5}},"5":{"start":{"line":6,"column":37},"end":{"line":6,"column":45}},"6":{"start":{"line":7,"column":4},"end":{"line":9,"column":5}},"7":{"start":{"line":8,"column":6},"end":{"line":8,"column":59}},"8":{"start":{"line":10,"column":17},"end":{"line":10,"column":49}},"9":{"start":{"line":11,"column":4},"end":{"line":13,"column":5}},"10":{"start":{"line":12,"column":8},"end":{"line":12,"column":62}},"11":{"start":{"line":14,"column":18},"end":{"line":14,"column":106}},"12":{"start":{"line":15,"column":23},"end":{"line":15,"column":61}},"13":{"start":{"line":16,"column":4},"end":{"line":16,"column":28}},"14":{"start":{"line":17,"column":4},"end":{"line":17,"column":24}},"15":{"start":{"line":20,"column":6},"end":{"line":20,"column":29}},"16":{"start":{"line":24,"column":0},"end":{"line":35,"column":2}},"17":{"start":{"line":25,"column":18},"end":{"line":25,"column":69}},"18":{"start":{"line":26,"column":2},"end":{"line":26,"column":76}},"19":{"start":{"line":26,"column":14},"end":{"line":26,"column":76}},"20":{"start":{"line":27,"column":2},"end":{"line":27,"column":21}},"21":{"start":{"line":28,"column":2},"end":{"line":34,"column":3}},"22":{"start":{"line":29,"column":4},"end":{"line":29,"column":44}},"23":{"start":{"line":30,"column":4},"end":{"line":30,"column":59}},"24":{"start":{"line":32,"column":4},"end":{"line":32,"column":31}},"25":{"start":{"line":33,"column":4},"end":{"line":33,"column":41}}},"fnMap":{"0":{"name":"(anonymous_0)","decl":{"start":{"line":4,"column":16},"end":{"line":4,"column":17}},"loc":{"start":{"line":4,"column":36},"end":{"line":22,"column":1}},"line":4},"1":{"name":"(anonymous_1)","decl":{"start":{"line":24,"column":17},"end":{"line":24,"column":18}},"loc":{"start":{"line":24,"column":36},"end":{"line":35,"column":1}},"line":24}},"branchMap":{"0":{"loc":{"start":{"line":7,"column":4},"end":{"line":9,"column":5}},"type":"if","locations":[{"start":{"line":7,"column":4},"end":{"line":9,"column":5}},{"start":{},"end":{}}],"line":7},"1":{"loc":{"start":{"line":7,"column":7},"end":{"line":7,"column":29}},"type":"binary-expr","locations":[{"start":{"line":7,"column":7},"end":{"line":7,"column":16}},{"start":{"line":7,"column":20},"end":{"line":7,"column":29}}],"line":7},"2":{"loc":{"start":{"line":11,"column":4},"end":{"line":13,"column":5}},"type":"if","locations":[{"start":{"line":11,"column":4},"end":{"line":13,"column":5}},{"start":{},"end":{}}],"line":11},"3":{"loc":{"start":{"line":11,"column":8},"end":{"line":11,"column":56}},"type":"binary-expr","locations":[{"start":{"line":11,"column":8},"end":{"line":11,"column":13}},{"start":{"line":11,"column":17},"end":{"line":11,"column":56}}],"line":11},"4":{"loc":{"start":{"line":26,"column":2},"end":{"line":26,"column":76}},"type":"if","locations":[{"start":{"line":26,"column":2},"end":{"line":26,"column":76}},{"start":{},"end":{}}],"line":26}},"s":{"0":3,"1":3,"2":3,"3":3,"4":2,"5":2,"6":2,"7":0,"8":2,"9":2,"10":1,"11":1,"12":1,"13":1,"14":1,"15":0,"16":3,"17":1,"18":1,"19":0,"20":1,"21":1,"22":1,"23":1,"24":0,"25":0},"f":{"0":2,"1":1},"b":{"0":[0,2],"1":[2,2],"2":[1,1],"3":[2,2],"4":[0,1]},"_coverageSchema":"1a1c01bbd47fc00a2c39e90264f33305004495a9","hash":"bf16ebfcabb56ba7511f4620d8042fd480c4de76"}
,"C:\\Users\\Surje\\OneDrive\\Desktop\\JOB_ASSIGNMENT\\riktmtech\\controllers\\groupController.js": {"path":"C:\\Users\\Surje\\OneDrive\\Desktop\\JOB_ASSIGNMENT\\riktmtech\\controllers\\groupController.js","statementMap":{"0":{"start":{"line":1,"column":14},"end":{"line":1,"column":40}},"1":{"start":{"line":2,"column":16},"end":{"line":2,"column":44}},"2":{"start":{"line":4,"column":0},"end":{"line":12,"column":2}},"3":{"start":{"line":5,"column":21},"end":{"line":5,"column":29}},"4":{"start":{"line":6,"column":4},"end":{"line":8,"column":5}},"5":{"start":{"line":7,"column":8},"end":{"line":7,"column":16}},"6":{"start":{"line":9,"column":18},"end":{"line":9,"column":37}},"7":{"start":{"line":10,"column":4},"end":{"line":10,"column":23}},"8":{"start":{"line":11,"column":4},"end":{"line":11,"column":32}},"9":{"start":{"line":14,"column":0},"end":{"line":18,"column":2}},"10":{"start":{"line":15,"column":19},"end":{"line":15,"column":29}},"11":{"start":{"line":16,"column":4},"end":{"line":16,"column":38}},"12":{"start":{"line":17,"column":4},"end":{"line":17,"column":43}},"13":{"start":{"line":20,"column":0},"end":{"line":33,"column":2}},"14":{"start":{"line":21,"column":32},"end":{"line":21,"column":40}},"15":{"start":{"line":22,"column":4},"end":{"line":24,"column":5}},"16":{"start":{"line":23,"column":8},"end":{"line":23,"column":31}},"17":{"start":{"line":25,"column":18},"end":{"line":25,"column":47}},"18":{"start":{"line":26,"column":4},"end":{"line":32,"column":93}},"19":{"start":{"line":26,"column":50},"end":{"line":26,"column":66}},"20":{"start":{"line":27,"column":8},"end":{"line":27,"column":35}},"21":{"start":{"line":28,"column":8},"end":{"line":28,"column":27}},"22":{"start":{"line":29,"column":8},"end":{"line":29,"column":24}},"23":{"start":{"line":32,"column":4},"end":{"line":32,"column":93}},"24":{"start":{"line":32,"column":47},"end":{"line":32,"column":63}},"25":{"start":{"line":35,"column":0},"end":{"line":40,"column":2}},"26":{"start":{"line":36,"column":43},"end":{"line":36,"column":51}},"27":{"start":{"line":37,"column":20},"end":{"line":37,"column":78}},"28":{"start":{"line":38,"column":4},"end":{"line":38,"column":25}},"29":{"start":{"line":39,"column":4},"end":{"line":39,"column":34}},"30":{"start":{"line":42,"column":0},"end":{"line":48,"column":2}},"31":{"start":{"line":43,"column":34},"end":{"line":43,"column":42}},"32":{"start":{"line":44,"column":20},"end":{"line":44,"column":53}},"33":{"start":{"line":45,"column":4},"end":{"line":45,"column":31}},"34":{"start":{"line":46,"column":4},"end":{"line":46,"column":25}},"35":{"start":{"line":47,"column":4},"end":{"line":47,"column":22}}},"fnMap":{"0":{"name":"(anonymous_0)","decl":{"start":{"line":4,"column":22},"end":{"line":4,"column":23}},"loc":{"start":{"line":4,"column":42},"end":{"line":12,"column":1}},"line":4},"1":{"name":"(anonymous_1)","decl":{"start":{"line":14,"column":22},"end":{"line":14,"column":23}},"loc":{"start":{"line":14,"column":42},"end":{"line":18,"column":1}},"line":14},"2":{"name":"(anonymous_2)","decl":{"start":{"line":20,"column":20},"end":{"line":20,"column":21}},"loc":{"start":{"line":20,"column":40},"end":{"line":33,"column":1}},"line":20},"3":{"name":"(anonymous_3)","decl":{"start":{"line":26,"column":40},"end":{"line":26,"column":41}},"loc":{"start":{"line":26,"column":50},"end":{"line":26,"column":66}},"line":26},"4":{"name":"(anonymous_4)","decl":{"start":{"line":32,"column":37},"end":{"line":32,"column":38}},"loc":{"start":{"line":32,"column":47},"end":{"line":32,"column":63}},"line":32},"5":{"name":"(anonymous_5)","decl":{"start":{"line":35,"column":22},"end":{"line":35,"column":23}},"loc":{"start":{"line":35,"column":42},"end":{"line":40,"column":1}},"line":35},"6":{"name":"(anonymous_6)","decl":{"start":{"line":42,"column":22},"end":{"line":42,"column":23}},"loc":{"start":{"line":42,"column":42},"end":{"line":48,"column":1}},"line":42}},"branchMap":{"0":{"loc":{"start":{"line":6,"column":4},"end":{"line":8,"column":5}},"type":"if","locations":[{"start":{"line":6,"column":4},"end":{"line":8,"column":5}},{"start":{},"end":{}}],"line":6},"1":{"loc":{"start":{"line":6,"column":7},"end":{"line":6,"column":43}},"type":"binary-expr","locations":[{"start":{"line":6,"column":7},"end":{"line":6,"column":12}},{"start":{"line":6,"column":16},"end":{"line":6,"column":43}}],"line":6},"2":{"loc":{"start":{"line":22,"column":4},"end":{"line":24,"column":5}},"type":"if","locations":[{"start":{"line":22,"column":4},"end":{"line":24,"column":5}},{"start":{},"end":{}}],"line":22},"3":{"loc":{"start":{"line":22,"column":7},"end":{"line":22,"column":26}},"type":"binary-expr","locations":[{"start":{"line":22,"column":7},"end":{"line":22,"column":15}},{"start":{"line":22,"column":19},"end":{"line":22,"column":26}}],"line":22},"4":{"loc":{"start":{"line":26,"column":4},"end":{"line":32,"column":93}},"type":"if","locations":[{"start":{"line":26,"column":4},"end":{"line":32,"column":93}},{"start":{"line":32,"column":4},"end":{"line":32,"column":93}}],"line":26},"5":{"loc":{"start":{"line":26,"column":7},"end":{"line":26,"column":73}},"type":"binary-expr","locations":[{"start":{"line":26,"column":7},"end":{"line":26,"column":12}},{"start":{"line":26,"column":16},"end":{"line":26,"column":73}}],"line":26},"6":{"loc":{"start":{"line":32,"column":13},"end":{"line":32,"column":91}},"type":"cond-expr","locations":[{"start":{"line":32,"column":72},"end":{"line":32,"column":85}},{"start":{"line":32,"column":88},"end":{"line":32,"column":91}}],"line":32}},"s":{"0":3,"1":3,"2":3,"3":1,"4":1,"5":0,"6":1,"7":1,"8":1,"9":3,"10":1,"11":1,"12":1,"13":3,"14":1,"15":1,"16":0,"17":1,"18":1,"19":0,"20":1,"21":1,"22":1,"23":0,"24":0,"25":3,"26":1,"27":1,"28":1,"29":1,"30":3,"31":1,"32":1,"33":1,"34":1,"35":1},"f":{"0":1,"1":1,"2":1,"3":0,"4":0,"5":1,"6":1},"b":{"0":[0,1],"1":[1,1],"2":[0,1],"3":[1,1],"4":[1,0],"5":[1,1],"6":[0,0]},"_coverageSchema":"1a1c01bbd47fc00a2c39e90264f33305004495a9","hash":"eb3e23e98a0f1875574969330fcce3781a15d8ad"}
,"C:\\Users\\Surje\\OneDrive\\Desktop\\JOB_ASSIGNMENT\\riktmtech\\controllers\\userController.js": {"path":"C:\\Users\\Surje\\OneDrive\\Desktop\\JOB_ASSIGNMENT\\riktmtech\\controllers\\userController.js","statementMap":{"0":{"start":{"line":1,"column":13},"end":{"line":1,"column":38}},"1":{"start":{"line":3,"column":0},"end":{"line":8,"column":2}},"2":{"start":{"line":4,"column":41},"end":{"line":4,"column":49}},"3":{"start":{"line":5,"column":17},"end":{"line":5,"column":55}},"4":{"start":{"line":6,"column":4},"end":{"line":6,"column":22}},"5":{"start":{"line":7,"column":4},"end":{"line":7,"column":31}},"6":{"start":{"line":10,"column":0},"end":{"line":15,"column":2}},"7":{"start":{"line":11,"column":19},"end":{"line":11,"column":29}},"8":{"start":{"line":12,"column":20},"end":{"line":12,"column":28}},"9":{"start":{"line":13,"column":17},"end":{"line":13,"column":73}},"10":{"start":{"line":14,"column":4},"end":{"line":14,"column":19}}},"fnMap":{"0":{"name":"(anonymous_0)","decl":{"start":{"line":3,"column":21},"end":{"line":3,"column":22}},"loc":{"start":{"line":3,"column":41},"end":{"line":8,"column":1}},"line":3},"1":{"name":"(anonymous_1)","decl":{"start":{"line":10,"column":19},"end":{"line":10,"column":20}},"loc":{"start":{"line":10,"column":39},"end":{"line":15,"column":1}},"line":10}},"branchMap":{},"s":{"0":3,"1":3,"2":1,"3":1,"4":1,"5":1,"6":3,"7":1,"8":1,"9":1,"10":1},"f":{"0":1,"1":1},"b":{},"_coverageSchema":"1a1c01bbd47fc00a2c39e90264f33305004495a9","hash":"3f8b84a50042ef2185768da060f94ee0babe33cc"}
,"C:\\Users\\Surje\\OneDrive\\Desktop\\JOB_ASSIGNMENT\\riktmtech\\middlewares\\authMiddleware.js": {"path":"C:\\Users\\Surje\\OneDrive\\Desktop\\JOB_ASSIGNMENT\\riktmtech\\middlewares\\authMiddleware.js","statementMap":{"0":{"start":{"line":1,"column":12},"end":{"line":1,"column":35}},"1":{"start":{"line":2,"column":13},"end":{"line":2,"column":38}},"2":{"start":{"line":3,"column":14},"end":{"line":3,"column":40}},"3":{"start":{"line":4,"column":0},"end":{"line":18,"column":2}},"4":{"start":{"line":5,"column":18},"end":{"line":5,"column":69}},"5":{"start":{"line":6,"column":4},"end":{"line":17,"column":5}},"6":{"start":{"line":7,"column":24},"end":{"line":7,"column":65}},"7":{"start":{"line":8,"column":8},"end":{"line":8,"column":82}},"8":{"start":{"line":8,"column":20},"end":{"line":8,"column":82}},"9":{"start":{"line":9,"column":28},"end":{"line":9,"column":58}},"10":{"start":{"line":10,"column":8},"end":{"line":12,"column":9}},"11":{"start":{"line":11,"column":8},"end":{"line":11,"column":99}},"12":{"start":{"line":13,"column":8},"end":{"line":13,"column":27}},"13":{"start":{"line":14,"column":8},"end":{"line":14,"column":15}},"14":{"start":{"line":16,"column":8},"end":{"line":16,"column":59}},"15":{"start":{"line":20,"column":0},"end":{"line":27,"column":2}},"16":{"start":{"line":21,"column":4},"end":{"line":26,"column":7}},"17":{"start":{"line":22,"column":8},"end":{"line":24,"column":9}},"18":{"start":{"line":23,"column":12},"end":{"line":23,"column":70}},"19":{"start":{"line":25,"column":8},"end":{"line":25,"column":15}}},"fnMap":{"0":{"name":"(anonymous_0)","decl":{"start":{"line":4,"column":23},"end":{"line":4,"column":24}},"loc":{"start":{"line":4,"column":48},"end":{"line":18,"column":1}},"line":4},"1":{"name":"(anonymous_1)","decl":{"start":{"line":20,"column":18},"end":{"line":20,"column":19}},"loc":{"start":{"line":20,"column":38},"end":{"line":27,"column":1}},"line":20},"2":{"name":"(anonymous_2)","decl":{"start":{"line":21,"column":32},"end":{"line":21,"column":33}},"loc":{"start":{"line":21,"column":38},"end":{"line":26,"column":5}},"line":21}},"branchMap":{"0":{"loc":{"start":{"line":8,"column":8},"end":{"line":8,"column":82}},"type":"if","locations":[{"start":{"line":8,"column":8},"end":{"line":8,"column":82}},{"start":{},"end":{}}],"line":8},"1":{"loc":{"start":{"line":10,"column":8},"end":{"line":12,"column":9}},"type":"if","locations":[{"start":{"line":10,"column":8},"end":{"line":12,"column":9}},{"start":{},"end":{}}],"line":10},"2":{"loc":{"start":{"line":22,"column":8},"end":{"line":24,"column":9}},"type":"if","locations":[{"start":{"line":22,"column":8},"end":{"line":24,"column":9}},{"start":{},"end":{}}],"line":22}},"s":{"0":3,"1":3,"2":3,"3":3,"4":8,"5":8,"6":8,"7":8,"8":0,"9":8,"10":8,"11":0,"12":8,"13":8,"14":0,"15":3,"16":2,"17":2,"18":0,"19":2},"f":{"0":8,"1":2,"2":2},"b":{"0":[0,8],"1":[0,8],"2":[0,2]},"_coverageSchema":"1a1c01bbd47fc00a2c39e90264f33305004495a9","hash":"d07da3bda4cbce81afbbb599acda5a43e465b3c6"}
,"C:\\Users\\Surje\\OneDrive\\Desktop\\JOB_ASSIGNMENT\\riktmtech\\models\\Group.js": {"path":"C:\\Users\\Surje\\OneDrive\\Desktop\\JOB_ASSIGNMENT\\riktmtech\\models\\Group.js","statementMap":{"0":{"start":{"line":1,"column":17},"end":{"line":1,"column":36}},"1":{"start":{"line":3,"column":20},"end":{"line":6,"column":2}},"2":{"start":{"line":8,"column":0},"end":{"line":8,"column":54}}},"fnMap":{},"branchMap":{},"s":{"0":3,"1":3,"2":3},"f":{},"b":{},"_coverageSchema":"1a1c01bbd47fc00a2c39e90264f33305004495a9","hash":"d6cf017466369cf923ca1802981d0fb69945bedf"}
,"C:\\Users\\Surje\\OneDrive\\Desktop\\JOB_ASSIGNMENT\\riktmtech\\models\\Message.js": {"path":"C:\\Users\\Surje\\OneDrive\\Desktop\\JOB_ASSIGNMENT\\riktmtech\\models\\Message.js","statementMap":{"0":{"start":{"line":1,"column":17},"end":{"line":1,"column":36}},"1":{"start":{"line":3,"column":22},"end":{"line":8,"column":24}},"2":{"start":{"line":10,"column":0},"end":{"line":10,"column":58}}},"fnMap":{},"branchMap":{},"s":{"0":3,"1":3,"2":3},"f":{},"b":{},"_coverageSchema":"1a1c01bbd47fc00a2c39e90264f33305004495a9","hash":"8c266606bffaf295b2e9c275195ca658b1ae3789"}
,"C:\\Users\\Surje\\OneDrive\\Desktop\\JOB_ASSIGNMENT\\riktmtech\\models\\Token.js": {"path":"C:\\Users\\Surje\\OneDrive\\Desktop\\JOB_ASSIGNMENT\\riktmtech\\models\\Token.js","statementMap":{"0":{"start":{"line":1,"column":17},"end":{"line":1,"column":36}},"1":{"start":{"line":3,"column":20},"end":{"line":7,"column":2}},"2":{"start":{"line":9,"column":14},"end":{"line":9,"column":50}},"3":{"start":{"line":11,"column":0},"end":{"line":11,"column":23}}},"fnMap":{},"branchMap":{},"s":{"0":3,"1":3,"2":3,"3":3},"f":{},"b":{},"_coverageSchema":"1a1c01bbd47fc00a2c39e90264f33305004495a9","hash":"33b230f9adb7c1a6349cf3304bbd5e59291f1021"}
,"C:\\Users\\Surje\\OneDrive\\Desktop\\JOB_ASSIGNMENT\\riktmtech\\models\\User.js": {"path":"C:\\Users\\Surje\\OneDrive\\Desktop\\JOB_ASSIGNMENT\\riktmtech\\models\\User.js","statementMap":{"0":{"start":{"line":1,"column":17},"end":{"line":1,"column":36}},"1":{"start":{"line":2,"column":15},"end":{"line":2,"column":34}},"2":{"start":{"line":4,"column":19},"end":{"line":8,"column":2}},"3":{"start":{"line":10,"column":0},"end":{"line":15,"column":3}},"4":{"start":{"line":11,"column":4},"end":{"line":11,"column":52}},"5":{"start":{"line":11,"column":38},"end":{"line":11,"column":52}},"6":{"start":{"line":12,"column":17},"end":{"line":12,"column":41}},"7":{"start":{"line":13,"column":4},"end":{"line":13,"column":59}},"8":{"start":{"line":14,"column":4},"end":{"line":14,"column":11}},"9":{"start":{"line":16,"column":0},"end":{"line":23,"column":5}},"10":{"start":{"line":17,"column":19},"end":{"line":17,"column":35}},"11":{"start":{"line":18,"column":4},"end":{"line":21,"column":5}},"12":{"start":{"line":19,"column":19},"end":{"line":19,"column":43}},"13":{"start":{"line":20,"column":6},"end":{"line":20,"column":65}},"14":{"start":{"line":22,"column":4},"end":{"line":22,"column":11}},"15":{"start":{"line":24,"column":2},"end":{"line":31,"column":5}},"16":{"start":{"line":25,"column":19},"end":{"line":25,"column":35}},"17":{"start":{"line":26,"column":4},"end":{"line":29,"column":5}},"18":{"start":{"line":27,"column":19},"end":{"line":27,"column":43}},"19":{"start":{"line":28,"column":6},"end":{"line":28,"column":65}},"20":{"start":{"line":30,"column":4},"end":{"line":30,"column":11}},"21":{"start":{"line":32,"column":0},"end":{"line":34,"column":2}},"22":{"start":{"line":33,"column":4},"end":{"line":33,"column":57}},"23":{"start":{"line":36,"column":0},"end":{"line":36,"column":52}}},"fnMap":{"0":{"name":"(anonymous_0)","decl":{"start":{"line":10,"column":23},"end":{"line":10,"column":24}},"loc":{"start":{"line":10,"column":45},"end":{"line":15,"column":1}},"line":10},"1":{"name":"(anonymous_1)","decl":{"start":{"line":16,"column":35},"end":{"line":16,"column":36}},"loc":{"start":{"line":16,"column":57},"end":{"line":23,"column":3}},"line":16},"2":{"name":"(anonymous_2)","decl":{"start":{"line":24,"column":30},"end":{"line":24,"column":31}},"loc":{"start":{"line":24,"column":52},"end":{"line":31,"column":3}},"line":24},"3":{"name":"(anonymous_3)","decl":{"start":{"line":32,"column":37},"end":{"line":32,"column":38}},"loc":{"start":{"line":32,"column":63},"end":{"line":34,"column":1}},"line":32}},"branchMap":{"0":{"loc":{"start":{"line":11,"column":4},"end":{"line":11,"column":52}},"type":"if","locations":[{"start":{"line":11,"column":4},"end":{"line":11,"column":52}},{"start":{},"end":{}}],"line":11},"1":{"loc":{"start":{"line":18,"column":4},"end":{"line":21,"column":5}},"type":"if","locations":[{"start":{"line":18,"column":4},"end":{"line":21,"column":5}},{"start":{},"end":{}}],"line":18},"2":{"loc":{"start":{"line":26,"column":4},"end":{"line":29,"column":5}},"type":"if","locations":[{"start":{"line":26,"column":4},"end":{"line":29,"column":5}},{"start":{},"end":{}}],"line":26}},"s":{"0":3,"1":3,"2":3,"3":3,"4":0,"5":0,"6":0,"7":0,"8":0,"9":3,"10":0,"11":0,"12":0,"13":0,"14":0,"15":3,"16":0,"17":0,"18":0,"19":0,"20":0,"21":3,"22":0,"23":3},"f":{"0":0,"1":0,"2":0,"3":0},"b":{"0":[0,0],"1":[0,0],"2":[0,0]},"_coverageSchema":"1a1c01bbd47fc00a2c39e90264f33305004495a9","hash":"3a713622548a3db9197a054d57c9585f7f2c0422"}
,"C:\\Users\\Surje\\OneDrive\\Desktop\\JOB_ASSIGNMENT\\riktmtech\\routes\\authRoutes.js": {"path":"C:\\Users\\Surje\\OneDrive\\Desktop\\JOB_ASSIGNMENT\\riktmtech\\routes\\authRoutes.js","statementMap":{"0":{"start":{"line":1,"column":16},"end":{"line":1,"column":34}},"1":{"start":{"line":2,"column":26},"end":{"line":2,"column":66}},"2":{"start":{"line":3,"column":23},"end":{"line":3,"column":63}},"3":{"start":{"line":4,"column":15},"end":{"line":4,"column":31}},"4":{"start":{"line":6,"column":0},"end":{"line":6,"column":29}},"5":{"start":{"line":7,"column":0},"end":{"line":7,"column":44}},"6":{"start":{"line":9,"column":0},"end":{"line":9,"column":24}}},"fnMap":{},"branchMap":{},"s":{"0":3,"1":3,"2":3,"3":3,"4":3,"5":3,"6":3},"f":{},"b":{},"_coverageSchema":"1a1c01bbd47fc00a2c39e90264f33305004495a9","hash":"13ba0afd3b02686261d3af4f3976416e54e1394e"}
,"C:\\Users\\Surje\\OneDrive\\Desktop\\JOB_ASSIGNMENT\\riktmtech\\routes\\groupRoutes.js": {"path":"C:\\Users\\Surje\\OneDrive\\Desktop\\JOB_ASSIGNMENT\\riktmtech\\routes\\groupRoutes.js","statementMap":{"0":{"start":{"line":1,"column":16},"end":{"line":1,"column":34}},"1":{"start":{"line":2,"column":74},"end":{"line":2,"column":115}},"2":{"start":{"line":3,"column":25},"end":{"line":3,"column":65}},"3":{"start":{"line":4,"column":15},"end":{"line":4,"column":31}},"4":{"start":{"line":6,"column":0},"end":{"line":6,"column":44}},"5":{"start":{"line":7,"column":0},"end":{"line":7,"column":49}},"6":{"start":{"line":8,"column":0},"end":{"line":8,"column":52}},"7":{"start":{"line":9,"column":0},"end":{"line":9,"column":51}},"8":{"start":{"line":10,"column":0},"end":{"line":10,"column":56}},"9":{"start":{"line":12,"column":0},"end":{"line":12,"column":24}}},"fnMap":{},"branchMap":{},"s":{"0":3,"1":3,"2":3,"3":3,"4":3,"5":3,"6":3,"7":3,"8":3,"9":3},"f":{},"b":{},"_coverageSchema":"1a1c01bbd47fc00a2c39e90264f33305004495a9","hash":"62c4bd75741ccbc2a5503157d520674ae9e7c961"}
,"C:\\Users\\Surje\\OneDrive\\Desktop\\JOB_ASSIGNMENT\\riktmtech\\routes\\userRoutes.js": {"path":"C:\\Users\\Surje\\OneDrive\\Desktop\\JOB_ASSIGNMENT\\riktmtech\\routes\\userRoutes.js","statementMap":{"0":{"start":{"line":1,"column":16},"end":{"line":1,"column":34}},"1":{"start":{"line":2,"column":33},"end":{"line":2,"column":73}},"2":{"start":{"line":3,"column":20},"end":{"line":3,"column":60}},"3":{"start":{"line":4,"column":15},"end":{"line":4,"column":31}},"4":{"start":{"line":6,"column":0},"end":{"line":6,"column":38}},"5":{"start":{"line":7,"column":0},"end":{"line":7,"column":38}},"6":{"start":{"line":9,"column":0},"end":{"line":9,"column":24}}},"fnMap":{},"branchMap":{},"s":{"0":3,"1":3,"2":3,"3":3,"4":3,"5":3,"6":3},"f":{},"b":{},"_coverageSchema":"1a1c01bbd47fc00a2c39e90264f33305004495a9","hash":"4dd8a4ae0ab586a4d213e0eafbc1d765255a1483"}
}
